[14/05/2020 12:52:11][Usuario][Conexión a la base de datos realizada]
[14/05/2020 12:52:11][Administrador][Conexión de usuario realizada]
[14/05/2020 12:52:17][Administrador][Conexión a la base de datos realizada]
[14/05/2020 12:52:17][Administrador][Consulta de producto realizada]
[14/05/2020 13:00:57][Usuario][Conexión a la base de datos realizada]
[14/05/2020 13:00:57][Administrador][Conexión de usuario realizada]
[14/05/2020 13:01:03][Administrador][Conexión a la base de datos realizada]
[14/05/2020 13:01:03][Administrador][Consulta de producto realizada]
[14/05/2020 13:01:09][Administrador][Conexión a la base de datos realizada]
[14/05/2020 13:01:09][Administrador][Consulta de proveedor realizada]
[14/05/2020 13:01:12][Administrador][Conexión a la base de datos realizada]
[14/05/2020 13:01:12][Administrador][Consulta de local realizada]
[14/05/2020 13:01:17][Administrador][Conexión a la base de datos realizada]
[14/05/2020 13:01:17][Administrador][Consulta de local realizada]
[14/05/2020 13:01:19][Administrador][Conexión a la base de datos realizada]
[14/05/2020 13:01:19][Administrador][Consulta de venta realizada]
[14/05/2020 13:01:22][Administrador][Conexión a la base de datos realizada]
[14/05/2020 13:01:22][Administrador][Consulta de producto realizada]
[14/05/2020 13:03:06][Usuario][Conexión a la base de datos realizada]
[14/05/2020 13:03:06][Administrador][Conexión de usuario realizada]
[14/05/2020 13:03:19][Administrador][Conexión a la base de datos realizada]
[14/05/2020 13:03:19][Administrador][Consulta de producto realizada]
[14/05/2020 13:03:21][Administrador][Conexión a la base de datos realizada]
[14/05/2020 13:03:21][Administrador][Consulta de proveedor realizada]
[14/05/2020 13:03:34][Usuario][Conexión a la base de datos realizada]
[14/05/2020 13:03:34][Administrador][Conexión de usuario realizada]
[14/05/2020 13:03:36][Administrador][Conexión a la base de datos realizada]
[14/05/2020 13:03:36][Administrador][Consulta de local realizada]
[14/05/2020 13:03:40][Administrador][Conexión a la base de datos realizada]
[14/05/2020 13:03:40][Administrador][Consulta de venta realizada]
[14/05/2020 13:28:18][Usuario][Conexión a la base de datos realizada]
[14/05/2020 13:28:18][Administrador][Conexión de usuario realizada]
[14/05/2020 13:28:20][Administrador][Conexión a la base de datos realizada]
[14/05/2020 13:28:20][Administrador][Consulta de producto realizada]
[14/05/2020 13:30:31][Usuario][Conexión a la base de datos realizada]
[14/05/2020 13:30:31][Administrador][Conexión de usuario realizada]
[14/05/2020 13:30:33][Administrador][Conexión a la base de datos realizada]
[14/05/2020 13:30:33][Administrador][Consulta de producto realizada]
[14/05/2020 13:37:06][Usuario][Conexión a la base de datos realizada]
[14/05/2020 13:37:06][Administrador][Conexión de usuario realizada]
[14/05/2020 13:37:41][Administrador][Conexión a la base de datos realizada]
[14/05/2020 13:37:41][Administrador][Consulta de producto realizada]
[14/05/2020 14:38:46][Usuario][Conexión a la base de datos realizada]
[14/05/2020 14:38:46][Administrador][Conexión de usuario realizada]
[14/05/2020 14:39:32][Administrador][Conexión a la base de datos realizada]
[14/05/2020 14:39:32][Administrador][Consulta de producto realizada]
[14/05/2020 14:39:41][Administrador][Conexión a la base de datos realizada]
[14/05/2020 14:39:41][Administrador][Consulta de proveedor realizada]
[14/05/2020 14:39:51][Administrador][Conexión a la base de datos realizada]
[14/05/2020 14:39:51][Administrador][Consulta de local realizada]
[14/05/2020 14:39:58][Administrador][Conexión a la base de datos realizada]
[14/05/2020 14:39:58][Administrador][Consulta de venta realizada]
[14/05/2020 14:41:21][Usuario][Conexión a la base de datos realizada]
[14/05/2020 14:41:21][Usuario][Conexión de usuario realizada]
[14/05/2020 14:41:22][Usuario][Salida del programa]
[15/05/2020 11:17:25][Usuario][Conexión a la base de datos realizada]
[15/05/2020 11:17:25][Administrador][Conexión de usuario realizada]
[15/05/2020 11:17:27][Administrador][Conexión a la base de datos realizada]
[15/05/2020 11:17:27][Administrador][Consulta de producto realizada]
[15/05/2020 11:17:29][Administrador][Conexión a la base de datos realizada]
[15/05/2020 11:18:01][Administrador][Salida del programa]
[15/05/2020 11:26:31][Usuario][Conexión a la base de datos realizada]
[15/05/2020 11:26:31][Administrador][Conexión de usuario realizada]
[15/05/2020 11:26:32][Administrador][Conexión a la base de datos realizada]
[15/05/2020 11:26:32][Administrador][Consulta de producto realizada]
[15/05/2020 11:26:34][Administrador][Conexión a la base de datos realizada]
[15/05/2020 11:28:18][Usuario][Conexión a la base de datos realizada]
[15/05/2020 11:28:19][Administrador][Conexión de usuario realizada]
[15/05/2020 11:28:20][Administrador][Conexión a la base de datos realizada]
[15/05/2020 11:28:20][Administrador][Consulta de producto realizada]
[15/05/2020 11:28:21][Administrador][Conexión a la base de datos realizada]
[15/05/2020 11:28:42][Administrador][Salida del programa]
[15/05/2020 11:31:50][Usuario][Conexión a la base de datos realizada]
[15/05/2020 11:31:50][Administrador][Conexión de usuario realizada]
[15/05/2020 11:31:52][Administrador][Conexión a la base de datos realizada]
[15/05/2020 11:31:52][Administrador][Consulta de local realizada]
[15/05/2020 11:31:53][Administrador][Conexión a la base de datos realizada]
[15/05/2020 11:31:55][Administrador][Conexión a la base de datos realizada]
[15/05/2020 11:31:57][Administrador][Salida del programa]
[15/05/2020 11:33:59][Usuario][Conexión a la base de datos realizada]
[15/05/2020 11:33:59][Administrador][Conexión de usuario realizada]
[15/05/2020 11:34:01][Administrador][Conexión a la base de datos realizada]
[15/05/2020 11:34:01][Administrador][Consulta de local realizada]
[15/05/2020 11:34:01][Administrador][Conexión a la base de datos realizada]
[15/05/2020 11:34:04][Administrador][Salida del programa]
[15/05/2020 11:35:40][Usuario][Conexión a la base de datos realizada]
[15/05/2020 11:35:40][Administrador][Conexión de usuario realizada]
[15/05/2020 11:35:41][Administrador][Conexión a la base de datos realizada]
[15/05/2020 11:35:41][Administrador][Consulta de local realizada]
[15/05/2020 11:35:43][Administrador][Conexión a la base de datos realizada]
[15/05/2020 11:35:46][Administrador][Salida del programa]
[15/05/2020 11:38:36][Usuario][Conexión a la base de datos realizada]
[15/05/2020 11:38:36][Administrador][Conexión de usuario realizada]
[15/05/2020 11:38:37][Administrador][Conexión a la base de datos realizada]
[15/05/2020 11:38:37][Administrador][Consulta de local realizada]
[15/05/2020 11:38:38][Administrador][Conexión a la base de datos realizada]
[15/05/2020 11:38:48][Administrador][Salida del programa]
[15/05/2020 11:40:42][Usuario][Conexión a la base de datos realizada]
[15/05/2020 11:40:42][Administrador][Conexión de usuario realizada]
[15/05/2020 11:40:43][Administrador][Conexión a la base de datos realizada]
[15/05/2020 11:40:43][Administrador][Consulta de local realizada]
[15/05/2020 11:40:44][Administrador][Conexión a la base de datos realizada]
[15/05/2020 11:41:19][Usuario][Conexión a la base de datos realizada]
[15/05/2020 11:41:19][Administrador][Conexión de usuario realizada]
[15/05/2020 11:41:20][Administrador][Conexión a la base de datos realizada]
[15/05/2020 11:41:20][Administrador][Consulta de local realizada]
[15/05/2020 11:41:21][Administrador][Conexión a la base de datos realizada]
[15/05/2020 11:41:32][Administrador][Salida del programa]
[15/05/2020 11:42:00][Usuario][Conexión a la base de datos realizada]
[15/05/2020 11:42:00][Administrador][Conexión de usuario realizada]
[15/05/2020 11:42:02][Administrador][Conexión a la base de datos realizada]
[15/05/2020 11:42:02][Administrador][Consulta de local realizada]
[15/05/2020 11:42:03][Administrador][Conexión a la base de datos realizada]
[15/05/2020 11:42:10][Administrador][Salida del programa]
[15/05/2020 11:42:37][Usuario][Conexión a la base de datos realizada]
[15/05/2020 11:42:37][Administrador][Conexión de usuario realizada]
[15/05/2020 11:42:39][Administrador][Conexión a la base de datos realizada]
[15/05/2020 11:42:39][Administrador][Consulta de local realizada]
[15/05/2020 11:42:39][Administrador][Conexión a la base de datos realizada]
[15/05/2020 11:42:48][Administrador][Salida del programa]
[15/05/2020 11:45:19][Usuario][Conexión a la base de datos realizada]
[15/05/2020 11:45:19][Administrador][Conexión de usuario realizada]
[15/05/2020 11:45:20][Administrador][Conexión a la base de datos realizada]
[15/05/2020 11:45:20][Administrador][Consulta de proveedor realizada]
[15/05/2020 11:45:21][Administrador][Conexión a la base de datos realizada]
[15/05/2020 11:45:54][Usuario][Conexión a la base de datos realizada]
[15/05/2020 11:45:54][Administrador][Conexión de usuario realizada]
[15/05/2020 11:45:55][Administrador][Conexión a la base de datos realizada]
[15/05/2020 11:45:55][Administrador][Consulta de proveedor realizada]
[15/05/2020 11:45:56][Administrador][Conexión a la base de datos realizada]
[15/05/2020 11:46:14][Administrador][Salida del programa]
[15/05/2020 11:46:30][Usuario][Conexión a la base de datos realizada]
[15/05/2020 11:46:30][Administrador][Conexión de usuario realizada]
[15/05/2020 11:46:31][Administrador][Conexión a la base de datos realizada]
[15/05/2020 11:46:31][Administrador][Consulta de proveedor realizada]
[15/05/2020 11:46:32][Administrador][Conexión a la base de datos realizada]
[15/05/2020 11:46:51][Administrador][Salida del programa]
[15/05/2020 11:47:05][Usuario][Conexión a la base de datos realizada]
[15/05/2020 11:47:05][Administrador][Conexión de usuario realizada]
[15/05/2020 11:47:06][Administrador][Conexión a la base de datos realizada]
[15/05/2020 11:47:06][Administrador][Consulta de proveedor realizada]
[15/05/2020 11:47:07][Administrador][Conexión a la base de datos realizada]
[15/05/2020 11:47:16][Administrador][Salida del programa]
[15/05/2020 11:47:27][Usuario][Conexión a la base de datos realizada]
[15/05/2020 11:47:28][Usuario][Conexión de usuario realizada]
[15/05/2020 11:47:33][Usuario][Conexión a la base de datos realizada]
[15/05/2020 11:47:33][Administrador][Conexión de usuario realizada]
[15/05/2020 11:47:34][Administrador][Conexión a la base de datos realizada]
[15/05/2020 11:47:34][Administrador][Consulta de proveedor realizada]
[15/05/2020 11:47:35][Administrador][Conexión a la base de datos realizada]
[15/05/2020 11:48:42][Usuario][Salida del programa]
[15/05/2020 11:50:32][Usuario][Salida del programa]
[15/05/2020 11:50:39][Usuario][Conexión a la base de datos realizada]
[15/05/2020 11:50:39][Administrador][Conexión de usuario realizada]
[15/05/2020 11:50:43][Administrador][Conexión a la base de datos realizada]
[15/05/2020 11:51:14][Administrador][Conexión a la base de datos realizada]
[15/05/2020 11:51:14][Administrador][Alta de producto realizada]
[15/05/2020 11:51:20][Administrador][Conexión a la base de datos realizada]
[15/05/2020 11:51:20][Administrador][Consulta de producto realizada]
[15/05/2020 11:51:36][Administrador][Conexión a la base de datos realizada]
[15/05/2020 11:51:54][Administrador][Salida del programa]
[15/05/2020 11:52:09][Usuario][Conexión a la base de datos realizada]
[15/05/2020 11:52:10][Usuario][Conexión de usuario realizada]
[15/05/2020 11:52:15][Usuario][Conexión a la base de datos realizada]
[15/05/2020 11:52:16][Usuario][Conexión de usuario realizada]
[15/05/2020 11:52:19][Usuario][Conexión a la base de datos realizada]
[15/05/2020 11:52:19][Administrador][Conexión de usuario realizada]
[15/05/2020 11:52:21][Administrador][Conexión a la base de datos realizada]
[15/05/2020 11:52:21][Administrador][Consulta de producto realizada]
[15/05/2020 11:52:22][Administrador][Conexión a la base de datos realizada]
[15/05/2020 11:52:35][Administrador][Salida del programa]
[15/05/2020 11:52:51][Usuario][Conexión a la base de datos realizada]
[15/05/2020 11:52:51][Administrador][Conexión de usuario realizada]
[15/05/2020 11:52:52][Administrador][Conexión a la base de datos realizada]
[15/05/2020 11:52:52][Administrador][Consulta de producto realizada]
[15/05/2020 11:52:53][Administrador][Conexión a la base de datos realizada]
[15/05/2020 11:57:16][Usuario][Conexión a la base de datos realizada]
[15/05/2020 11:57:16][Administrador][Conexión de usuario realizada]
[15/05/2020 11:57:21][Administrador][Conexión a la base de datos realizada]
[15/05/2020 11:57:21][Administrador][Conexión a la base de datos realizada]
[15/05/2020 12:06:40][Usuario][Conexión a la base de datos realizada]
[15/05/2020 12:06:40][Administrador][Conexión de usuario realizada]
[15/05/2020 12:06:42][Administrador][Conexión a la base de datos realizada]
[15/05/2020 12:06:42][Administrador][Consulta de venta realizada]
[15/05/2020 12:06:43][Administrador][Conexión a la base de datos realizada]
[15/05/2020 12:06:49][Administrador][Salida del programa]
[15/05/2020 12:07:19][Usuario][Conexión a la base de datos realizada]
[15/05/2020 12:07:19][Administrador][Conexión de usuario realizada]
[15/05/2020 12:07:20][Administrador][Conexión a la base de datos realizada]
[15/05/2020 12:07:20][Administrador][Consulta de venta realizada]
[15/05/2020 12:07:21][Administrador][Conexión a la base de datos realizada]
[15/05/2020 12:07:31][Administrador][Salida del programa]
[15/05/2020 12:15:49][Usuario][Conexión a la base de datos realizada]
[15/05/2020 12:15:49][Administrador][Conexión de usuario realizada]
[15/05/2020 12:15:51][Administrador][Conexión a la base de datos realizada]
[15/05/2020 12:15:51][Administrador][Consulta de venta realizada]
[15/05/2020 12:15:52][Administrador][Conexión a la base de datos realizada]
[15/05/2020 12:15:59][Administrador][Salida del programa]
[15/05/2020 12:16:26][Usuario][Conexión a la base de datos realizada]
[15/05/2020 12:16:26][Administrador][Conexión de usuario realizada]
[15/05/2020 12:16:27][Administrador][Conexión a la base de datos realizada]
[15/05/2020 12:16:27][Administrador][Consulta de venta realizada]
[15/05/2020 12:16:28][Administrador][Conexión a la base de datos realizada]
[15/05/2020 12:16:38][Administrador][Salida del programa]
[19/05/2020 20:48:40][Usuario][Salida del programa]
[19/05/2020 20:48:50][Usuario][Salida del programa]
[19/05/2020 20:48:58][Usuario][Salida del programa]
[19/05/2020 20:49:06][Usuario][Salida del programa]
[19/05/2020 20:49:11][Usuario][Salida del programa]
[19/05/2020 20:49:21][Usuario][Salida del programa]
[19/05/2020 20:49:27][Usuario][Salida del programa]
[19/05/2020 20:49:44][Usuario][Conexión a la base de datos realizada]
[19/05/2020 20:49:44][Usuario][Conexión de usuario realizada]
[19/05/2020 20:50:08][Usuario][Conexión a la base de datos realizada]
[19/05/2020 20:50:08][Administrador][Conexión de usuario realizada]
[19/05/2020 20:50:11][Administrador][Conexión a la base de datos realizada]
[19/05/2020 20:50:11][Administrador][Consulta de producto realizada]
[19/05/2020 20:50:14][Administrador][Conexión a la base de datos realizada]
[19/05/2020 20:50:16][Administrador][Conexión a la base de datos realizada]
[19/05/2020 20:50:19][Administrador][Conexión a la base de datos realizada]
[19/05/2020 20:50:19][Administrador][Consulta de proveedor realizada]
[19/05/2020 20:50:20][Administrador][Conexión a la base de datos realizada]
[19/05/2020 20:50:32][Administrador][Conexión a la base de datos realizada]
[19/05/2020 20:50:43][Administrador][Conexión a la base de datos realizada]
[19/05/2020 20:50:46][Administrador][Conexión a la base de datos realizada]
[19/05/2020 20:50:46][Administrador][Conexión a la base de datos realizada]
[19/05/2020 20:50:49][Administrador][Conexión a la base de datos realizada]
[19/05/2020 20:50:49][Administrador][Consulta de venta realizada]
[19/05/2020 20:51:01][Usuario][Conexión a la base de datos realizada]
[19/05/2020 20:51:01][Administrador][Conexión de usuario realizada]
[19/05/2020 20:51:03][Administrador][Conexión a la base de datos realizada]
[19/05/2020 20:51:03][Administrador][Consulta de local realizada]
[19/05/2020 20:51:04][Administrador][Conexión a la base de datos realizada]
[19/05/2020 20:51:14][Administrador][Salida del programa]
[19/05/2020 20:54:13][Usuario][Conexión a la base de datos realizada]
[19/05/2020 20:54:13][Usuario][Conexión de usuario realizada]
[19/05/2020 20:54:15][Usuario][Salida del programa]
[19/05/2020 20:54:26][Usuario][Conexión a la base de datos realizada]
[19/05/2020 20:54:26][Administrador][Conexión de usuario realizada]
[19/05/2020 20:54:28][Administrador][Conexión a la base de datos realizada]
[19/05/2020 20:54:28][Administrador][Conexión a la base de datos realizada]
[19/05/2020 20:54:31][Administrador][Conexión a la base de datos realizada]
[19/05/2020 20:54:31][Administrador][Consulta de producto realizada]
[19/05/2020 20:56:28][Usuario][Conexión a la base de datos realizada]
[19/05/2020 20:56:29][Usuario][Conexión de usuario realizada]
[19/05/2020 20:56:40][Usuario][Conexión a la base de datos realizada]
[19/05/2020 20:56:42][Usuario][Conexión de usuario realizada]
[19/05/2020 20:56:43][Usuario][Salida del programa]
[19/05/2020 20:59:05][Usuario][Conexión a la base de datos realizada]
[19/05/2020 20:59:05][Usuario][Conexión de usuario realizada]
[19/05/2020 20:59:07][Usuario][Salida del programa]
[19/05/2020 20:59:49][Usuario][Conexión a la base de datos realizada]
[19/05/2020 20:59:49][Usuario][Conexión de usuario realizada]
[19/05/2020 20:59:53][Usuario][Salida del programa]
[19/05/2020 21:01:06][Usuario][Conexión a la base de datos realizada]
[19/05/2020 21:01:06][Usuario][Conexión de usuario realizada]
[19/05/2020 21:01:09][Usuario][Salida del programa]
[19/05/2020 21:01:48][Usuario][Conexión a la base de datos realizada]
[19/05/2020 21:01:49][Usuario][Conexión de usuario realizada]
[19/05/2020 21:01:50][Usuario][Salida del programa]
[19/05/2020 21:02:37][Usuario][Conexión a la base de datos realizada]
[19/05/2020 21:02:37][Usuario][Conexión de usuario realizada]
[19/05/2020 21:02:38][Usuario][Salida del programa]
[19/05/2020 21:06:41][Usuario][Conexión a la base de datos realizada]
[19/05/2020 21:06:41][Usuario][Conexión de usuario realizada]
[19/05/2020 21:06:42][Usuario][Salida del programa]
[19/05/2020 21:07:44][Usuario][Conexión a la base de datos realizada]
[19/05/2020 21:07:44][Usuario][Conexión de usuario realizada]
[19/05/2020 21:07:47][Usuario][Salida del programa]
[19/05/2020 21:07:59][Usuario][Conexión a la base de datos realizada]
[19/05/2020 21:08:00][Administrador][Conexión de usuario realizada]
[19/05/2020 21:08:02][Administrador][Conexión a la base de datos realizada]
[19/05/2020 21:08:02][Administrador][Consulta de venta realizada]
[19/05/2020 21:08:04][Administrador][Salida del programa]
[19/05/2020 21:11:28][Usuario][Conexión a la base de datos realizada]
[19/05/2020 21:11:28][Administrador][Conexión de usuario realizada]
[19/05/2020 21:11:33][Administrador][Conexión a la base de datos realizada]
[19/05/2020 21:11:33][Administrador][Conexión a la base de datos realizada]
[19/05/2020 21:11:36][Administrador][Conexión a la base de datos realizada]
[19/05/2020 21:11:36][Administrador][Consulta de venta realizada]
[19/05/2020 21:11:39][Administrador][Conexión a la base de datos realizada]
[19/05/2020 21:11:39][Administrador][Consulta de producto realizada]
[19/05/2020 21:11:41][Administrador][Salida del programa]
[19/05/2020 21:13:03][Usuario][Salida del programa]
[19/05/2020 21:13:16][Usuario][Conexión a la base de datos realizada]
[19/05/2020 21:13:16][Usuario][Conexión de usuario realizada]
[19/05/2020 21:13:18][Usuario][Salida del programa]
[19/05/2020 21:21:58][Usuario][Conexión a la base de datos realizada]
[19/05/2020 21:21:59][Usuario][Conexión de usuario realizada]
[19/05/2020 21:22:00][Usuario][Salida del programa]
[19/05/2020 21:23:12][Usuario][Salida del programa]
[19/05/2020 21:24:31][Usuario][Salida del programa]
[19/05/2020 21:26:52][Usuario][Salida del programa]
[19/05/2020 21:27:37][Usuario][Salida del programa]
[19/05/2020 21:28:12][Usuario][Conexión a la base de datos realizada]
[19/05/2020 21:28:14][Usuario][Conexión de usuario realizada]
[19/05/2020 21:28:14][Usuario][Salida del programa]
[19/05/2020 21:29:33][Usuario][Conexión a la base de datos realizada]
[19/05/2020 21:29:34][Usuario][Conexión de usuario realizada]
[19/05/2020 21:29:35][Usuario][Salida del programa]
[19/05/2020 21:30:41][Usuario][Conexión a la base de datos realizada]
[19/05/2020 21:30:41][Usuario][Conexión de usuario realizada]
[19/05/2020 21:30:48][Usuario][Salida del programa]
[19/05/2020 21:31:01][Usuario][Conexión a la base de datos realizada]
[19/05/2020 21:31:01][Usuario][Conexión de usuario realizada]
[19/05/2020 21:31:05][Usuario][Salida del programa]
[19/05/2020 21:31:33][Usuario][Conexión a la base de datos realizada]
[19/05/2020 21:31:33][Usuario][Conexión de usuario realizada]
[19/05/2020 21:31:36][Usuario][Salida del programa]
[19/05/2020 21:31:49][Usuario][Salida del programa]
[19/05/2020 21:32:01][Usuario][Conexión a la base de datos realizada]
[19/05/2020 21:32:01][Administrador][Conexión de usuario realizada]
[19/05/2020 21:32:10][Administrador][Conexión a la base de datos realizada]
[19/05/2020 21:32:16][Administrador][Salida del programa]
[19/05/2020 21:34:42][Usuario][Conexión a la base de datos realizada]
[19/05/2020 21:34:42][Usuario][Conexión de usuario realizada]
[19/05/2020 21:34:47][Usuario][Conexión a la base de datos realizada]
[19/05/2020 21:35:09][Usuario][Salida del programa]
[19/05/2020 21:36:02][Usuario][Conexión a la base de datos realizada]
[19/05/2020 21:36:02][Usuario][Conexión de usuario realizada]
[19/05/2020 21:36:03][Usuario][Conexión a la base de datos realizada]
[19/05/2020 21:36:14][Usuario][Salida del programa]
[19/05/2020 21:37:31][Usuario][Conexión a la base de datos realizada]
[19/05/2020 21:37:31][Administrador][Conexión de usuario realizada]
[19/05/2020 21:37:34][Administrador][Conexión a la base de datos realizada]
[19/05/2020 21:37:36][Administrador][Conexión a la base de datos realizada]
[19/05/2020 21:37:40][Administrador][Conexión a la base de datos realizada]
[19/05/2020 21:37:40][Administrador][Conexión a la base de datos realizada]
[19/05/2020 21:37:49][Administrador][Conexión a la base de datos realizada]
[19/05/2020 21:37:57][Administrador][Conexión a la base de datos realizada]
[19/05/2020 21:37:57][Administrador][Consulta de producto realizada]
[19/05/2020 21:38:02][Administrador][Salida del programa]
[19/05/2020 21:38:28][Usuario][Conexión a la base de datos realizada]
[19/05/2020 21:38:28][Administrador][Conexión de usuario realizada]
[19/05/2020 21:38:29][Administrador][Conexión a la base de datos realizada]
[19/05/2020 21:38:31][Administrador][Conexión a la base de datos realizada]
[19/05/2020 21:38:33][Administrador][Conexión a la base de datos realizada]
[19/05/2020 21:38:33][Administrador][Conexión a la base de datos realizada]
[19/05/2020 21:38:35][Administrador][Conexión a la base de datos realizada]
[19/05/2020 21:38:35][Administrador][Consulta de producto realizada]
[19/05/2020 21:38:48][Usuario][Conexión a la base de datos realizada]
[19/05/2020 21:38:48][Administrador][Conexión de usuario realizada]
[19/05/2020 21:38:49][Administrador][Conexión a la base de datos realizada]
[19/05/2020 21:38:54][Administrador][Conexión a la base de datos realizada]
[19/05/2020 21:38:56][Administrador][Conexión a la base de datos realizada]
[19/05/2020 21:38:56][Administrador][Conexión a la base de datos realizada]
[19/05/2020 21:39:13][Administrador][Conexión a la base de datos realizada]
[19/05/2020 21:39:13][Administrador][Modificación de producto realizada]
[19/05/2020 21:39:20][Administrador][Conexión a la base de datos realizada]
[19/05/2020 21:39:20][Administrador][Consulta de producto realizada]
[19/05/2020 21:39:23][Administrador][Conexión a la base de datos realizada]
[19/05/2020 21:52:34][Administrador][Salida del programa]
[19/05/2020 21:52:43][Usuario][Conexión a la base de datos realizada]
[19/05/2020 21:52:43][Administrador][Conexión de usuario realizada]
[19/05/2020 21:52:45][Administrador][Conexión a la base de datos realizada]
[19/05/2020 21:52:45][Administrador][Consulta de producto realizada]
[19/05/2020 21:52:47][Administrador][Salida del programa]
[26/05/2020 18:46:42][Usuario][Conexión a la base de datos realizada]
[26/05/2020 18:46:42][Administrador][Conexión de usuario realizada]
[26/05/2020 18:46:44][Administrador][Conexión a la base de datos realizada]
[26/05/2020 18:46:46][Administrador][Conexión a la base de datos realizada]
[26/05/2020 18:46:46][Administrador][Consulta de producto realizada]
[26/05/2020 18:46:49][Administrador][Conexión a la base de datos realizada]
[26/05/2020 18:46:54][Administrador][Conexión a la base de datos realizada]
[26/05/2020 18:46:54][Administrador][Consulta de proveedor realizada]
[26/05/2020 18:46:59][Administrador][Conexión a la base de datos realizada]
[26/05/2020 18:46:59][Administrador][Consulta de venta realizada]
[26/05/2020 18:47:01][Administrador][Salida del programa]
[26/05/2020 18:51:30][Usuario][Salida del programa]
[26/05/2020 21:42:51][Usuario][Conexión a la base de datos realizada]
[26/05/2020 21:42:52][Usuario][Conexión de usuario realizada]
[26/05/2020 21:42:53][Usuario][Salida del programa]
[28/05/2020 17:43:54][Usuario][Salida del programa]
[28/05/2020 17:45:18][Usuario][Conexión a la base de datos realizada]
[28/05/2020 17:45:18][Usuario][Conexión de usuario realizada]
[28/05/2020 17:45:25][Usuario][Conexión a la base de datos realizada]
[28/05/2020 17:45:25][Usuario][Conexión a la base de datos realizada]
[28/05/2020 17:45:28][Usuario][Conexión a la base de datos realizada]
[28/05/2020 17:45:28][Usuario][Conexión a la base de datos realizada]
[28/05/2020 17:45:37][Usuario][Salida del programa]
[28/05/2020 17:47:04][Usuario][Conexión a la base de datos realizada]
[28/05/2020 17:47:05][Usuario][Conexión de usuario realizada]
[28/05/2020 17:47:06][Usuario][Conexión a la base de datos realizada]
[28/05/2020 17:47:07][Usuario][Conexión de usuario realizada]
[28/05/2020 17:47:08][Usuario][Conexión a la base de datos realizada]
[28/05/2020 17:47:09][Usuario][Conexión de usuario realizada]
[28/05/2020 17:47:09][Usuario][Conexión a la base de datos realizada]
[28/05/2020 17:47:10][Usuario][Conexión de usuario realizada]
[28/05/2020 17:47:12][Usuario][Conexión a la base de datos realizada]
[28/05/2020 17:47:12][Usuario][Conexión de usuario realizada]
[28/05/2020 17:47:13][Usuario][Salida del programa]
[28/05/2020 17:48:32][Usuario][Conexión a la base de datos realizada]
[28/05/2020 17:48:33][Usuario][Conexión de usuario realizada]
[28/05/2020 17:48:34][Usuario][Conexión a la base de datos realizada]
[28/05/2020 17:48:36][Usuario][Conexión de usuario realizada]
[28/05/2020 17:48:37][Usuario][Conexión a la base de datos realizada]
[28/05/2020 17:48:38][Usuario][Conexión de usuario realizada]
[28/05/2020 17:48:39][Usuario][Salida del programa]
[28/05/2020 17:49:58][Usuario][Conexión a la base de datos realizada]
[28/05/2020 17:49:58][Usuario][Conexión de usuario realizada]
[28/05/2020 17:49:59][Usuario][Conexión a la base de datos realizada]
[28/05/2020 17:50:01][Usuario][Conexión de usuario realizada]
[28/05/2020 17:50:02][Usuario][Salida del programa]
[28/05/2020 17:50:13][Usuario][Conexión a la base de datos realizada]
[28/05/2020 17:50:13][Usuario][Conexión de usuario realizada]
[28/05/2020 17:50:14][Usuario][Conexión a la base de datos realizada]
[28/05/2020 17:50:14][Usuario][Conexión de usuario realizada]
[28/05/2020 17:50:15][Usuario][Conexión a la base de datos realizada]
[28/05/2020 17:50:15][Usuario][Conexión de usuario realizada]
[28/05/2020 17:50:15][Usuario][Salida del programa]
[28/05/2020 17:52:09][Usuario][Conexión a la base de datos realizada]
[28/05/2020 17:52:10][Usuario][Conexión de usuario realizada]
[28/05/2020 17:52:11][Usuario][Conexión a la base de datos realizada]
[28/05/2020 17:52:11][Usuario][Conexión de usuario realizada]
[28/05/2020 17:52:12][Usuario][Conexión a la base de datos realizada]
[28/05/2020 17:52:12][Usuario][Conexión de usuario realizada]
[28/05/2020 17:52:13][Usuario][Salida del programa]
